\BOOKMARK [1][]{Item.3}{Table Of Content}{}% 1
\BOOKMARK [0][]{chapter.1}{Building and Using POET}{}% 2
\BOOKMARK [1][]{section.1.1}{Building POET From Distribution}{chapter.1}% 3
\BOOKMARK [1][]{section.1.2}{Building POET From SVN repository}{chapter.1}% 4
\BOOKMARK [1][]{section.1.3}{Directory Structure of POET Source Distribution}{chapter.1}% 5
\BOOKMARK [1][]{section.1.4}{Using POET}{chapter.1}% 6
\BOOKMARK [0][]{chapter.2}{Building Translators: Getting Started}{}% 7
\BOOKMARK [1][]{section.2.1}{Hello World}{chapter.2}% 8
\BOOKMARK [1][]{section.2.2}{The Identity Translator}{chapter.2}% 9
\BOOKMARK [1][]{section.2.3}{The String Translator}{chapter.2}% 10
\BOOKMARK [1][]{section.2.4}{Language Translators}{chapter.2}% 11
\BOOKMARK [1][]{section.2.5}{Program Optimizations}{chapter.2}% 12
\BOOKMARK [0][]{chapter.3}{Language Overview}{}% 13
\BOOKMARK [1][]{section.3.1}{Overview of Concepts}{chapter.3}% 14
\BOOKMARK [1][]{section.3.2}{Categorization of POET Names}{chapter.3}% 15
\BOOKMARK [1][]{section.3.3}{Components of POET Programs}{chapter.3}% 16
\BOOKMARK [1][]{section.3.4}{Notations}{chapter.3}% 17
\BOOKMARK [0][]{chapter.4}{Atomic and Compound Data Types}{}% 18
\BOOKMARK [1][]{section.4.1}{Atomic Values}{chapter.4}% 19
\BOOKMARK [2][]{subsection.4.1.1}{Integers}{section.4.1}% 20
\BOOKMARK [2][]{subsection.4.1.2}{Strings}{section.4.1}% 21
\BOOKMARK [1][]{section.4.2}{Compound Data Structures}{chapter.4}% 22
\BOOKMARK [2][]{subsection.4.2.1}{Lists}{section.4.2}% 23
\BOOKMARK [2][]{subsection.4.2.2}{Tuples}{section.4.2}% 24
\BOOKMARK [2][]{subsection.4.2.3}{Associative Maps}{section.4.2}% 25
\BOOKMARK [1][]{section.4.3}{Code Templates}{chapter.4}% 26
\BOOKMARK [1][]{section.4.4}{Xform Handles}{chapter.4}% 27
\BOOKMARK [0][]{chapter.5}{Code Templates}{}% 28
\BOOKMARK [1][]{section.5.1}{Defining Code Templates}{chapter.5}% 29
\BOOKMARK [1][]{section.5.2}{Template Parameters}{chapter.5}% 30
\BOOKMARK [1][]{section.5.3}{Template Body}{chapter.5}% 31
\BOOKMARK [1][]{section.5.4}{Template Attributes}{chapter.5}% 32
\BOOKMARK [2][]{subsection.5.4.1}{The parse attribute}{section.5.4}% 33
\BOOKMARK [2][]{subsection.5.4.2}{The lookahead attribute}{section.5.4}% 34
\BOOKMARK [2][]{subsection.5.4.3}{The match attribute}{section.5.4}% 35
\BOOKMARK [2][]{subsection.5.4.4}{The rebuild attribute}{section.5.4}% 36
\BOOKMARK [2][]{subsection.5.4.5}{The output attribute}{section.5.4}% 37
\BOOKMARK [2][]{subsection.5.4.6}{The INHERIT attribute}{section.5.4}% 38
\BOOKMARK [1][]{section.5.5}{Parsing Specifications}{chapter.5}% 39
\BOOKMARK [1][]{section.5.6}{Parsing Annotations}{chapter.5}% 40
\BOOKMARK [0][]{chapter.6}{Xform Routines}{}% 41
\BOOKMARK [1][]{section.6.1}{Xform Routine Declarations}{chapter.6}% 42
\BOOKMARK [1][]{section.6.2}{Invoking Xform Routines}{chapter.6}% 43
\BOOKMARK [0][]{chapter.7}{Categorization Of Variables}{}% 44
\BOOKMARK [1][]{section.7.1}{Local Variables}{chapter.7}% 45
\BOOKMARK [1][]{section.7.2}{Static Variables}{chapter.7}% 46
\BOOKMARK [1][]{section.7.3}{Dynamic Variables}{chapter.7}% 47
\BOOKMARK [1][]{section.7.4}{Global Variables}{chapter.7}% 48
\BOOKMARK [2][]{subsection.7.4.1}{Command-Line Parameters}{section.7.4}% 49
\BOOKMARK [2][]{subsection.7.4.2}{Macros}{section.7.4}% 50
\BOOKMARK [2][]{subsection.7.4.3}{Tracing Handles}{section.7.4}% 51
\BOOKMARK [1][]{section.7.5}{Reconfiguring POET via Macros}{chapter.7}% 52
\BOOKMARK [2][]{subsection.7.5.1}{The TOKEN Macro}{section.7.5}% 53
\BOOKMARK [2][]{subsection.7.5.2}{The KEYWORD Macro}{section.7.5}% 54
\BOOKMARK [2][]{subsection.7.5.3}{The PREP Macro}{section.7.5}% 55
\BOOKMARK [2][]{subsection.7.5.4}{The BACKTRACK Macro}{section.7.5}% 56
\BOOKMARK [2][]{subsection.7.5.5}{The PARSE Macro}{section.7.5}% 57
\BOOKMARK [2][]{subsection.7.5.6}{The UNPARSE macro}{section.7.5}% 58
\BOOKMARK [2][]{subsection.7.5.7}{The Expression Macros}{section.7.5}% 59
\BOOKMARK [0][]{chapter.8}{Top-Level Commands}{}% 60
\BOOKMARK [1][]{section.8.1}{The Input Command}{chapter.8}% 61
\BOOKMARK [1][]{section.8.2}{The Condition Command}{chapter.8}% 62
\BOOKMARK [1][]{section.8.3}{The Evaluation Command}{chapter.8}% 63
\BOOKMARK [1][]{section.8.4}{The Output Command}{chapter.8}% 64
\BOOKMARK [0][]{chapter.9}{Expressions}{}% 65
\BOOKMARK [1][]{section.9.1}{Debugging Operations}{chapter.9}% 66
\BOOKMARK [2][]{subsection.9.1.1}{The PRINT \(print\) operator}{section.9.1}% 67
\BOOKMARK [2][]{subsection.9.1.2}{The DEBUG operator}{section.9.1}% 68
\BOOKMARK [2][]{subsection.9.1.3}{The ERROR Operator}{section.9.1}% 69
\BOOKMARK [1][]{section.9.2}{Generic comparison of values}{chapter.9}% 70
\BOOKMARK [2][]{subsection.9.2.1}{The == and != operators}{section.9.2}% 71
\BOOKMARK [2][]{subsection.9.2.2}{Integer and String comparison}{section.9.2}% 72
\BOOKMARK [1][]{section.9.3}{Integer arithmetics}{chapter.9}% 73
\BOOKMARK [1][]{section.9.4}{Boolean operations}{chapter.9}% 74
\BOOKMARK [1][]{section.9.5}{String operations}{chapter.9}% 75
\BOOKMARK [2][]{subsection.9.5.1}{The concatenation \040operator}{section.9.5}% 76
\BOOKMARK [2][]{subsection.9.5.2}{The SPLIT operator}{section.9.5}% 77
\BOOKMARK [1][]{section.9.6}{List operations}{chapter.9}% 78
\BOOKMARK [2][]{subsection.9.6.1}{List construction}{section.9.6}% 79
\BOOKMARK [2][]{subsection.9.6.2}{The Cons Operator \(::\) }{section.9.6}% 80
\BOOKMARK [2][]{subsection.9.6.3}{List Access \(The car/HEAD, cdr/TAIL, and LEN operators\)}{section.9.6}% 81
\BOOKMARK [1][]{section.9.7}{Tuple operations}{chapter.9}% 82
\BOOKMARK [2][]{subsection.9.7.1}{Tuple Construction \(the ``," operator\)}{section.9.7}% 83
\BOOKMARK [2][]{subsection.9.7.2}{Tuple Access \(The [] and LEN operators\)}{section.9.7}% 84
\BOOKMARK [1][]{section.9.8}{Associative Map Operations}{chapter.9}% 85
\BOOKMARK [2][]{subsection.9.8.1}{Map Construction \(the MAP Operator\)}{section.9.8}% 86
\BOOKMARK [2][]{subsection.9.8.2}{Map Access \(the [] and LEN operators\)}{section.9.8}% 87
\BOOKMARK [1][]{section.9.9}{Code Template Operations}{chapter.9}% 88
\BOOKMARK [2][]{subsection.9.9.1}{Object Construction \(the \043 operator\)}{section.9.9}% 89
\BOOKMARK [2][]{subsection.9.9.2}{Code Template Access \(the [] operator\)}{section.9.9}% 90
\BOOKMARK [1][]{section.9.10}{Variable Operations}{chapter.9}% 91
\BOOKMARK [2][]{subsection.9.10.1}{Variable Assignment \(the ``=" operator\)}{section.9.10}% 92
\BOOKMARK [2][]{subsection.9.10.2}{Un-initializing Variables \(The CLEAR operator\)}{section.9.10}% 93
\BOOKMARK [1][]{section.9.11}{Type Expressions}{chapter.9}% 94
\BOOKMARK [1][]{section.9.12}{The Pattern Matching Operator \(the ``:" operator\)}{chapter.9}% 95
\BOOKMARK [1][]{section.9.13}{Type Conversion \(The => and ==> Operators\)}{chapter.9}% 96
\BOOKMARK [1][]{section.9.14}{The DELAY and APPLY Operators}{chapter.9}% 97
\BOOKMARK [1][]{section.9.15}{Operations On Tracing Handles}{chapter.9}% 98
\BOOKMARK [2][]{subsection.9.15.1}{TRACE \(x, exp\)}{section.9.15}% 99
\BOOKMARK [2][]{subsection.9.15.2}{INSERT \(x, exp\)}{section.9.15}% 100
\BOOKMARK [2][]{subsection.9.15.3}{ERASE\(x, exp\)}{section.9.15}% 101
\BOOKMARK [2][]{subsection.9.15.4}{COPY\(exp\) }{section.9.15}% 102
\BOOKMARK [2][]{subsection.9.15.5}{SAVE \(v1,v2,...,vm\)}{section.9.15}% 103
\BOOKMARK [2][]{subsection.9.15.6}{RESTORE \(v1, v2, ..., vm\)}{section.9.15}% 104
\BOOKMARK [1][]{section.9.16}{Transformation Operations}{chapter.9}% 105
\BOOKMARK [2][]{subsection.9.16.1}{DUPLICATE\(c1,c2,input\)}{section.9.16}% 106
\BOOKMARK [2][]{subsection.9.16.2}{PERMUTE\(config,input\)}{section.9.16}% 107
\BOOKMARK [2][]{subsection.9.16.3}{REBUILD\(exp\)}{section.9.16}% 108
\BOOKMARK [2][]{subsection.9.16.4}{REPLACE\(c1,c2,input\)}{section.9.16}% 109
\BOOKMARK [2][]{subsection.9.16.5}{REPLACE\(config, input\)}{section.9.16}% 110
\BOOKMARK [1][]{section.9.17}{The Conditional Expression \(The ``?:" operator\)}{chapter.9}% 111
\BOOKMARK [0][]{chapter.10}{Statements}{}% 112
\BOOKMARK [1][]{section.10.1}{Single Statements}{chapter.10}% 113
\BOOKMARK [2][]{subsection.10.1.1}{The Expression statement}{section.10.1}% 114
\BOOKMARK [2][]{subsection.10.1.2}{The RETURN \(return\) statement}{section.10.1}% 115
\BOOKMARK [2][]{subsection.10.1.3}{Statement Block}{section.10.1}% 116
\BOOKMARK [1][]{section.10.2}{Conditionals}{chapter.10}% 117
\BOOKMARK [2][]{subsection.10.2.1}{The If-else Statement}{section.10.2}% 118
\BOOKMARK [2][]{subsection.10.2.2}{The Switch Statement}{section.10.2}% 119
\BOOKMARK [1][]{section.10.3}{Loops}{chapter.10}% 120
\BOOKMARK [2][]{subsection.10.3.1}{The for Loop}{section.10.3}% 121
\BOOKMARK [2][]{subsection.10.3.2}{The foreach Loop}{section.10.3}% 122
\BOOKMARK [2][]{subsection.10.3.3}{The BREAK \(break\) and CONTINUE \(continue\) statements}{section.10.3}% 123
\BOOKMARK [1][]{subsection.10.3.3}{Append A. Context-free grammar of the POET language}{chapter.10}% 124
